#
# A fatal error has been detected by the Java Runtime Environment:
#
#  SIGSEGV (0xb) at pc=0x00007fff8f5cde5d, pid=8045, tid=2571
#
# JRE version: Java(TM) SE Runtime Environment (8.0_45-b14) (build 1.8.0_45-b14)
# Java VM: Java HotSpot(TM) 64-Bit Server VM (25.45-b02 mixed mode bsd-amd64 compressed oops)
# Problematic frame:
# C  [libobjc.A.dylib+0x7e5d]  objc_msgSend+0x1d
#
# Failed to write core dump. Core dumps have been disabled. To enable core dumping, try "ulimit -c unlimited" before starting Java again
#
# If you would like to submit a bug report, please visit:
#   http://bugreport.java.com/bugreport/crash.jsp
# The crash happened outside the Java Virtual Machine in native code.
# See problematic frame for where to report the bug.
#

---------------  T H R E A D  ---------------

Current thread (0x00007fa49384f000):  JavaThread "JavaFX Application Thread" [_thread_in_native, id=2571, stack(0x00007fff51927000,0x00007fff52127000)]

siginfo: si_signo: 11 (SIGSEGV), si_code: 1 (SEGV_MAPERR), si_addr: 0x000007fa4927ec08

Registers:
RAX=0x000000010f607100, RBX=0x00007fa49384f1f8, RCX=0x00007fa494f3a490, RDX=0x0000000000000004
RSP=0x00007fff521195e8, RBP=0x00007fff52119a30, RSI=0x00000001286f13c2, RDI=0x00007fa4927ec4a0
R8 =0x00007fa49270a5e0, R9 =0x0000000000000000, R10=0x00000001286f13c2, R11=0x000007fa4927ebf0
R12=0x00007fa4989479c0, R13=0x0000000000000264, R14=0x0000000000000001, R15=0x000000010f10f653
RIP=0x00007fff8f5cde5d, EFLAGS=0x0000000000010206, ERR=0x0000000000000004
  TRAPNO=0x000000000000000e

Top of Stack: (sp=0x00007fff521195e8)
0x00007fff521195e8:   00000001286d9f9e 000000007622c0a0
0x00007fff521195f8:   0000000042000000 00007fff84dfadcf
0x00007fff52119608:   00000000747f31e0 00007fa498886c60
0x00007fff52119618:   00007fa49384f1f8 00007fa494f3a490
0x00007fff52119628:   0000000000000000 00007fa498904460
0x00007fff52119638:   00007fff84dfa984 00007fff84dfa99b
0x00007fff52119648:   0000000000000003 00007fff52119688
0x00007fff52119658:   00007fa498904478 0000000000000000
0x00007fff52119668:   0000000000000000 0000000000000000
0x00007fff52119678:   0000000000000000 0000000000000000
0x00007fff52119688:   00007fa492476ab0 0000003002000000
0x00007fff52119698:   00007fff84dfa984 00007fff84dfa99b
0x00007fff521196a8:   0000000000000000 000000f800000000
0x00007fff521196b8:   000000000000001d 407c8e8000000000
0x00007fff521196c8:   4083b34000000000 0000000000000000
0x00007fff521196d8:   0000000000000000 000023df498937ed
0x00007fff521196e8:   0000000000000100 0000000000000000
0x00007fff521196f8:   0000000000000000 0000000400000000
0x00007fff52119708:   0000000000000000 0000000000000001
0x00007fff52119718:   0000000100001f6c 0000000000001f6d
0x00007fff52119728:   000142ff0021b21b 0000000000000000
0x00007fff52119738:   0000000000000000 0000000000000000
0x00007fff52119748:   0000000000000000 0000000000000000
0x00007fff52119758:   0000000000000000 0000000000000000
0x00007fff52119768:   0000000000000000 0000000000000000
0x00007fff52119778:   0000000000000000 00007fa4989108a0
0x00007fff52119788:   0000000000000000 00007fa49890b820
0x00007fff52119798:   0000000000000000 0000000000000000
0x00007fff521197a8:   4083b34000000000 8d00d387047a76e0
0x00007fff521197b8:   0000000000000008 00007fa498953530
0x00007fff521197c8:   0000000000000020 0000000000000000
0x00007fff521197d8:   00007fff52119900 00007fff521198f0 

Instructions: (pc=0x00007fff8f5cde5d)
0x00007fff8f5cde3d:   44 00 00 48 85 ff 2e 74 62 40 f6 c7 01 2e 75 66
0x00007fff8f5cde4d:   49 bb f8 ff ff ff ff 7f 00 00 4c 23 1f 49 89 f2
0x00007fff8f5cde5d:   45 23 53 18 49 c1 e2 04 4d 03 53 10 49 3b 32 75
0x00007fff8f5cde6d:   04 41 ff 62 08 49 83 3a 01 76 0d 49 83 c2 10 49 

Register to memory mapping:

RAX=0x000000010f607100: jni_NativeInterface+0 in /Library/Java/JavaVirtualMachines/jdk1.8.0_45.jdk/Contents/Home/jre/lib/server/libjvm.dylib at 0x000000010ee00000
RBX=0x00007fa49384f1f8 is an unknown value
RCX=0x00007fa494f3a490 is an unknown value
RDX=0x0000000000000004 is an unknown value
RSP=0x00007fff521195e8 is pointing into the stack for thread: 0x00007fa49384f000
RBP=0x00007fff52119a30 is pointing into the stack for thread: 0x00007fa49384f000
RSI=0x00000001286f13c2: __FUNCTION__.95075+0x952 in /Library/Java/JavaVirtualMachines/jdk1.8.0_45.jdk/Contents/Home/jre/lib/libglass.dylib at 0x00000001286c2000
RDI=0x00007fa4927ec4a0 is an unknown value
R8 =0x00007fa49270a5e0 is an unknown value
R9 =0x0000000000000000 is an unknown value
R10=0x00000001286f13c2: __FUNCTION__.95075+0x952 in /Library/Java/JavaVirtualMachines/jdk1.8.0_45.jdk/Contents/Home/jre/lib/libglass.dylib at 0x00000001286c2000
R11=0x000007fa4927ebf0 is an unknown value
R12=0x00007fa4989479c0 is an unknown value
R13=0x0000000000000264 is an unknown value
R14=0x0000000000000001 is an unknown value
R15=0x000000010f10f653: jni_CallStaticVoidMethod+0 in /Library/Java/JavaVirtualMachines/jdk1.8.0_45.jdk/Contents/Home/jre/lib/server/libjvm.dylib at 0x000000010ee00000


Stack: [0x00007fff51927000,0x00007fff52127000],  sp=0x00007fff521195e8,  free space=8137k
Native frames: (J=compiled Java code, j=interpreted, Vv=VM code, C=native code)
C  [libobjc.A.dylib+0x7e5d]  objc_msgSend+0x1d
C  [libglass.dylib+0x1764e]  listenTouchEvents+0x5e
C  [CoreGraphics+0x431ba7]  processEventTapData+0x281
C  [CoreGraphics+0x15c271]  _XPostEventTapDataOOL+0x10e
C  [CoreGraphics+0x4318d0]  eventTapMessageHandler+0x85
C  [CoreFoundation+0x9221c]  __CFMachPortPerform+0xfc
C  [CoreFoundation+0x92109]  __CFRUNLOOP_IS_CALLING_OUT_TO_A_SOURCE1_PERFORM_FUNCTION__+0x29
C  [CoreFoundation+0x92079]  __CFRunLoopDoSource1+0x1d9
C  [CoreFoundation+0x89aab]  __CFRunLoopRun+0x87b
C  [CoreFoundation+0x88fc8]  CFRunLoopRunSpecific+0x128
C  [HIToolbox+0x30d55]  RunCurrentEventLoopInMode+0xeb
C  [HIToolbox+0x30b8f]  ReceiveNextEventCommon+0x1b0
C  [HIToolbox+0x309cf]  _BlockUntilNextEventMatchingListInModeWithFilter+0x47
C  [AppKit+0x49d96]  _DPSNextEvent+0x42b
C  [AppKit+0x491c5]  -[NSApplication _nextEventMatchingEventMask:untilDate:inMode:dequeue:]+0x1c6
C  [AppKit+0x3dd28]  -[NSApplication run]+0x2aa
C  [libglass.dylib+0x4ef7]  -[GlassApplication runLoop:]+0x6f7
C  [Foundation+0x7741e]  __NSThreadPerformPerform+0x117
C  [CoreFoundation+0xaa8b1]  __CFRUNLOOP_IS_CALLING_OUT_TO_A_SOURCE0_PERFORM_FUNCTION__+0x11
C  [CoreFoundation+0x8a0ac]  __CFRunLoopDoSources0+0x22c
C  [CoreFoundation+0x895cf]  __CFRunLoopRun+0x39f
C  [CoreFoundation+0x88fc8]  CFRunLoopRunSpecific+0x128
C  [java+0x6490]  CreateExecutionEnvironment+0x367
C  [java+0x221c]  JLI_Launch+0x7a0
C  [java+0x84ed]  main+0x65
C  [java+0x1a74]  start+0x34
C  0x0000000000000006


---------------  P R O C E S S  ---------------

Java Threads: ( => current thread )
  0x00007fa493a9f800 JavaThread "Prism Font Disposer" daemon [_thread_blocked, id=56327, stack(0x0000700001a6e000,0x0000700001b6e000)]
  0x00007fa494072800 JavaThread "JavaFX-Launcher" [_thread_blocked, id=53251, stack(0x000070000196b000,0x0000700001a6b000)]
  0x00007fa493a2e000 JavaThread "Thread-3" daemon [_thread_in_native, id=41219, stack(0x0000700001865000,0x00007000018e5000)]
=>0x00007fa49384f000 JavaThread "JavaFX Application Thread" [_thread_in_native, id=2571, stack(0x00007fff51927000,0x00007fff52127000)]
  0x00007fa495945000 JavaThread "Thread-1" daemon [_thread_blocked, id=27915, stack(0x000070000165c000,0x000070000175c000)]
  0x00007fa492885800 JavaThread "QuantumRenderer-0" daemon [_thread_in_native, id=22275, stack(0x0000700001559000,0x0000700001659000)]
  0x00007fa495846800 JavaThread "Service Thread" daemon [_thread_blocked, id=21251, stack(0x0000700001353000,0x0000700001453000)]
  0x00007fa49581b800 JavaThread "C1 CompilerThread3" daemon [_thread_blocked, id=20739, stack(0x0000700001250000,0x0000700001350000)]
  0x00007fa495812800 JavaThread "C2 CompilerThread2" daemon [_thread_blocked, id=20227, stack(0x000070000114d000,0x000070000124d000)]
  0x00007fa495812000 JavaThread "C2 CompilerThread1" daemon [_thread_blocked, id=19715, stack(0x000070000104a000,0x000070000114a000)]
  0x00007fa495810800 JavaThread "C2 CompilerThread0" daemon [_thread_blocked, id=19203, stack(0x0000700000f47000,0x0000700001047000)]
  0x00007fa492832000 JavaThread "Signal Dispatcher" daemon [_thread_blocked, id=15887, stack(0x0000700000e44000,0x0000700000f44000)]
  0x00007fa492804000 JavaThread "Finalizer" daemon [_thread_blocked, id=14339, stack(0x0000700000c3b000,0x0000700000d3b000)]
  0x00007fa495002800 JavaThread "Reference Handler" daemon [_thread_blocked, id=13827, stack(0x0000700000b38000,0x0000700000c38000)]
  0x00007fa495801800 JavaThread "main" [_thread_blocked, id=5891, stack(0x000070000011a000,0x000070000021a000)]

Other Threads:
  0x00007fa49580e800 VMThread [stack: 0x0000700000a35000,0x0000700000b35000] [id=13315]
  0x00007fa493808800 WatcherThread [stack: 0x0000700001456000,0x0000700001556000] [id=21763]

VM state:not at safepoint (normal execution)

VM Mutex/Monitor currently owned by a thread: None

Heap:
 PSYoungGen      total 38400K, used 32521K [0x0000000795580000, 0x000000079a080000, 0x00000007c0000000)
  eden space 33280K, 97% used [0x0000000795580000,0x0000000797542748,0x0000000797600000)
  from space 5120K, 0% used [0x0000000797600000,0x0000000797600000,0x0000000797b00000)
  to   space 5120K, 0% used [0x0000000799b80000,0x0000000799b80000,0x000000079a080000)
 ParOldGen       total 51712K, used 7044K [0x0000000740000000, 0x0000000743280000, 0x0000000795580000)
  object space 51712K, 13% used [0x0000000740000000,0x00000007406e12e8,0x0000000743280000)
 Metaspace       used 23059K, capacity 24898K, committed 24960K, reserved 1071104K
  class space    used 3324K, capacity 3668K, committed 3712K, reserved 1048576K

Card table byte_map: [0x000000011f129000,0x000000011f52a000] byte_map_base: 0x000000011b729000

Marking Bits: (ParMarkBitMap*) 0x000000010f6c27a0
 Begin Bits: [0x000000011f7d5000, 0x00000001217d5000)
 End Bits:   [0x00000001217d5000, 0x00000001237d5000)

Polling page: 0x000000010ddce000

CodeCache: size=245760Kb used=13761Kb max_used=13766Kb free=231998Kb
 bounds [0x000000010fd69000, 0x0000000110ae9000, 0x000000011ed69000]
 total_blobs=4809 nmethods=4117 adapters=603
 compilation: enabled

Compilation events (10 events):
Event: 28.300 Thread 0x00007fa49581b800 4110       3       com.sun.javafx.tk.quantum.ViewPainter::getRootPath (26 bytes)
Event: 28.301 Thread 0x00007fa49581b800 nmethod 4110 0x0000000110ada890 code [0x0000000110adaa40, 0x0000000110adb070]
Event: 28.301 Thread 0x00007fa49581b800 4112       1       com.sun.javafx.sg.prism.NGRectangle::supportsOpaqueRegions (2 bytes)
Event: 28.301 Thread 0x00007fa49581b800 nmethod 4112 0x0000000110adb3d0 code [0x0000000110adb520, 0x0000000110adb630]
Event: 28.301 Thread 0x00007fa49581b800 4113       1       com.sun.javafx.sg.prism.NGShape::getFillPaint (5 bytes)
Event: 28.301 Thread 0x00007fa49581b800 nmethod 4113 0x0000000110adb690 code [0x0000000110adb7e0, 0x0000000110adb8f0]
Event: 28.304 Thread 0x00007fa495810800 4114       4       com.sun.prism.impl.ps.BaseShaderContext::setTexture (44 bytes)
Event: 28.314 Thread 0x00007fa495810800 nmethod 4114 0x0000000110adf090 code [0x0000000110adf300, 0x0000000110adfde0]
Event: 28.325 Thread 0x00007fa49581b800 4115       3       com.sun.javafx.geom.transform.GeneralTransform3D::ortho (189 bytes)
Event: 28.326 Thread 0x00007fa49581b800 nmethod 4115 0x0000000110ade750 code [0x0000000110ade940, 0x0000000110aded08]

GC Heap History (8 events):
Event: 1.201 GC heap before
{Heap before GC invocations=1 (full 0):
 PSYoungGen      total 38400K, used 33280K [0x0000000795580000, 0x0000000798000000, 0x00000007c0000000)
  eden space 33280K, 100% used [0x0000000795580000,0x0000000797600000,0x0000000797600000)
  from space 5120K, 0% used [0x0000000797b00000,0x0000000797b00000,0x0000000798000000)
  to   space 5120K, 0% used [0x0000000797600000,0x0000000797600000,0x0000000797b00000)
 ParOldGen       total 87552K, used 0K [0x0000000740000000, 0x0000000745580000, 0x0000000795580000)
  object space 87552K, 0% used [0x0000000740000000,0x0000000740000000,0x0000000745580000)
 Metaspace       used 13565K, capacity 14054K, committed 14080K, reserved 1060864K
  class space    used 1889K, capacity 2029K, committed 2048K, reserved 1048576K
Event: 1.206 GC heap after
Heap after GC invocations=1 (full 0):
 PSYoungGen      total 38400K, used 4496K [0x0000000795580000, 0x0000000798000000, 0x00000007c0000000)
  eden space 33280K, 0% used [0x0000000795580000,0x0000000795580000,0x0000000797600000)
  from space 5120K, 87% used [0x0000000797600000,0x0000000797a64030,0x0000000797b00000)
  to   space 5120K, 0% used [0x0000000797b00000,0x0000000797b00000,0x0000000798000000)
 ParOldGen       total 87552K, used 80K [0x0000000740000000, 0x0000000745580000, 0x0000000795580000)
  object space 87552K, 0% used [0x0000000740000000,0x0000000740014010,0x0000000745580000)
 Metaspace       used 13565K, capacity 14054K, committed 14080K, reserved 1060864K
  class space    used 1889K, capacity 2029K, committed 2048K, reserved 1048576K
}
Event: 4.600 GC heap before
{Heap before GC invocations=2 (full 0):
 PSYoungGen      total 38400K, used 37776K [0x0000000795580000, 0x0000000798000000, 0x00000007c0000000)
  eden space 33280K, 100% used [0x0000000795580000,0x0000000797600000,0x0000000797600000)
  from space 5120K, 87% used [0x0000000797600000,0x0000000797a64030,0x0000000797b00000)
  to   space 5120K, 0% used [0x0000000797b00000,0x0000000797b00000,0x0000000798000000)
 ParOldGen       total 87552K, used 80K [0x0000000740000000, 0x0000000745580000, 0x0000000795580000)
  object space 87552K, 0% used [0x0000000740000000,0x0000000740014010,0x0000000745580000)
 Metaspace       used 19424K, capacity 20566K, committed 20864K, reserved 1067008K
  class space    used 2860K, capacity 3118K, committed 3200K, reserved 1048576K
Event: 4.607 GC heap after
Heap after GC invocations=2 (full 0):
 PSYoungGen      total 38400K, used 5088K [0x0000000795580000, 0x0000000798000000, 0x00000007c0000000)
  eden space 33280K, 0% used [0x0000000795580000,0x0000000795580000,0x0000000797600000)
  from space 5120K, 99% used [0x0000000797b00000,0x0000000797ff8370,0x0000000798000000)
  to   space 5120K, 0% used [0x0000000797600000,0x0000000797600000,0x0000000797b00000)
 ParOldGen       total 87552K, used 2601K [0x0000000740000000, 0x0000000745580000, 0x0000000795580000)
  object space 87552K, 2% used [0x0000000740000000,0x000000074028a778,0x0000000745580000)
 Metaspace       used 19424K, capacity 20566K, committed 20864K, reserved 1067008K
  class space    used 2860K, capacity 3118K, committed 3200K, reserved 1048576K
}
Event: 4.688 GC heap before
{Heap before GC invocations=3 (full 0):
 PSYoungGen      total 38400K, used 12159K [0x0000000795580000, 0x0000000798000000, 0x00000007c0000000)
  eden space 33280K, 21% used [0x0000000795580000,0x0000000795c679e0,0x0000000797600000)
  from space 5120K, 99% used [0x0000000797b00000,0x0000000797ff8370,0x0000000798000000)
  to   space 5120K, 0% used [0x0000000797600000,0x0000000797600000,0x0000000797b00000)
 ParOldGen       total 87552K, used 2601K [0x0000000740000000, 0x0000000745580000, 0x0000000795580000)
  object space 87552K, 2% used [0x0000000740000000,0x000000074028a778,0x0000000745580000)
 Metaspace       used 19954K, capacity 21148K, committed 21248K, reserved 1067008K
  class space    used 2941K, capacity 3231K, committed 3328K, reserved 1048576K
Event: 4.694 GC heap after
Heap after GC invocations=3 (full 0):
 PSYoungGen      total 38400K, used 5089K [0x0000000795580000, 0x000000079a080000, 0x00000007c0000000)
  eden space 33280K, 0% used [0x0000000795580000,0x0000000795580000,0x0000000797600000)
  from space 5120K, 99% used [0x0000000797600000,0x0000000797af85c8,0x0000000797b00000)
  to   space 5120K, 0% used [0x0000000799b80000,0x0000000799b80000,0x000000079a080000)
 ParOldGen       total 87552K, used 3120K [0x0000000740000000, 0x0000000745580000, 0x0000000795580000)
  object space 87552K, 3% used [0x0000000740000000,0x000000074030c200,0x0000000745580000)
 Metaspace       used 19954K, capacity 21148K, committed 21248K, reserved 1067008K
  class space    used 2941K, capacity 3231K, committed 3328K, reserved 1048576K
}
Event: 4.694 GC heap before
{Heap before GC invocations=4 (full 1):
 PSYoungGen      total 38400K, used 5089K [0x0000000795580000, 0x000000079a080000, 0x00000007c0000000)
  eden space 33280K, 0% used [0x0000000795580000,0x0000000795580000,0x0000000797600000)
  from space 5120K, 99% used [0x0000000797600000,0x0000000797af85c8,0x0000000797b00000)
  to   space 5120K, 0% used [0x0000000799b80000,0x0000000799b80000,0x000000079a080000)
 ParOldGen       total 87552K, used 3120K [0x0000000740000000, 0x0000000745580000, 0x0000000795580000)
  object space 87552K, 3% used [0x0000000740000000,0x000000074030c200,0x0000000745580000)
 Metaspace       used 19954K, capacity 21148K, committed 21248K, reserved 1067008K
  class space    used 2941K, capacity 3231K, committed 3328K, reserved 1048576K
Event: 4.728 GC heap after
Heap after GC invocations=4 (full 1):
 PSYoungGen      total 38400K, used 0K [0x0000000795580000, 0x000000079a080000, 0x00000007c0000000)
  eden space 33280K, 0% used [0x0000000795580000,0x0000000795580000,0x0000000797600000)
  from space 5120K, 0% used [0x0000000797600000,0x0000000797600000,0x0000000797b00000)
  to   space 5120K, 0% used [0x0000000799b80000,0x0000000799b80000,0x000000079a080000)
 ParOldGen       total 51712K, used 7044K [0x0000000740000000, 0x0000000743280000, 0x0000000795580000)
  object space 51712K, 13% used [0x0000000740000000,0x00000007406e12e8,0x0000000743280000)
 Metaspace       used 19954K, capacity 21148K, committed 21248K, reserved 1067008K
  class space    used 2941K, capacity 3231K, committed 3328K, reserved 1048576K
}

Deoptimization events (10 events):
Event: 28.220 Thread 0x00007fa49384f000 Uncommon trap: reason=class_check action=maybe_recompile pc=0x000000011012a794 method=java.io.FilterInputStream.read()I @ 4
Event: 28.220 Thread 0x00007fa49384f000 Uncommon trap: reason=class_check action=maybe_recompile pc=0x000000011012a794 method=java.io.FilterInputStream.read()I @ 4
Event: 28.220 Thread 0x00007fa49384f000 Uncommon trap: reason=class_check action=maybe_recompile pc=0x000000011012a794 method=java.io.FilterInputStream.read()I @ 4
Event: 28.220 Thread 0x00007fa49384f000 Uncommon trap: reason=class_check action=maybe_recompile pc=0x000000011012a794 method=java.io.FilterInputStream.read()I @ 4
Event: 28.231 Thread 0x00007fa49384f000 Uncommon trap: reason=unstable_if action=reinterpret pc=0x00000001109d0c3c method=javafx.scene.CssStyleHelper.lookupFont(Ljavafx/css/Styleable;Ljava/lang/String;Lcom/sun/javafx/css/StyleMap;Lcom/sun/javafx/css/CalculatedValue;)Lcom/sun/javafx/css/Calculat
Event: 28.235 Thread 0x00007fa49384f000 Uncommon trap: reason=class_check action=maybe_recompile pc=0x0000000110848dbc method=com.sun.javafx.collections.ObservableMapWrapper.get(Ljava/lang/Object;)Ljava/lang/Object; @ 5
Event: 28.236 Thread 0x00007fa49384f000 Uncommon trap: reason=unstable_if action=reinterpret pc=0x0000000110a226b4 method=com.sun.javafx.Utils.RGBtoHSB(DDD)[D @ 23
Event: 28.236 Thread 0x00007fa49384f000 Uncommon trap: reason=unstable_if action=reinterpret pc=0x00000001106e94a8 method=com.sun.javafx.Utils.HSBtoRGB(DDD)[D @ 34
Event: 28.236 Thread 0x00007fa49384f000 Uncommon trap: reason=unstable_if action=reinterpret pc=0x0000000110a1a81c method=com.sun.javafx.Utils.RGBtoHSB(DDD)[D @ 23
Event: 28.236 Thread 0x00007fa49384f000 Uncommon trap: reason=class_check action=maybe_recompile pc=0x0000000110848dbc method=com.sun.javafx.collections.ObservableMapWrapper.get(Ljava/lang/Object;)Ljava/lang/Object; @ 5

Internal exceptions (10 events):
Event: 0.587 Thread 0x00007fa49384f000 Exception <a 'java/lang/ArrayIndexOutOfBoundsException': 18> (0x0000000796530ec8) thrown at [/Users/java_re/workspace/8-2-build-macosx-x86_64/jdk8u45/3457/hotspot/src/share/vm/interpreter/interpreterRuntime.cpp, line 366]
Event: 0.588 Thread 0x00007fa49384f000 Exception <a 'java/lang/ArrayIndexOutOfBoundsException': 86> (0x00000007965321c0) thrown at [/Users/java_re/workspace/8-2-build-macosx-x86_64/jdk8u45/3457/hotspot/src/share/vm/interpreter/interpreterRuntime.cpp, line 366]
Event: 0.608 Thread 0x00007fa49384f000 Exception <a 'java/lang/ArrayIndexOutOfBoundsException'> (0x0000000796693448) thrown at [/Users/java_re/workspace/8-2-build-macosx-x86_64/jdk8u45/3457/hotspot/src/share/vm/runtime/sharedRuntime.cpp, line 605]
Event: 0.614 Thread 0x00007fa49384f000 Exception <a 'java/lang/ArrayIndexOutOfBoundsException'> (0x0000000796723d90) thrown at [/Users/java_re/workspace/8-2-build-macosx-x86_64/jdk8u45/3457/hotspot/src/share/vm/runtime/sharedRuntime.cpp, line 605]
Event: 0.698 Thread 0x00007fa49384f000 Exception <a 'java/lang/ArrayIndexOutOfBoundsException'> (0x0000000796ad6cd8) thrown at [/Users/java_re/workspace/8-2-build-macosx-x86_64/jdk8u45/3457/hotspot/src/share/vm/runtime/sharedRuntime.cpp, line 605]
Event: 0.754 Thread 0x00007fa49384f000 Exception <a 'java/lang/ArrayIndexOutOfBoundsException'> (0x0000000796daf3c8) thrown at [/Users/java_re/workspace/8-2-build-macosx-x86_64/jdk8u45/3457/hotspot/src/share/vm/runtime/sharedRuntime.cpp, line 605]
Event: 1.183 Thread 0x00007fa49384f000 Implicit null exception at 0x0000000110017e75 to 0x0000000110018071
Event: 1.183 Thread 0x00007fa49384f000 Implicit null exception at 0x00000001100d67fb to 0x00000001100d720d
Event: 1.185 Thread 0x00007fa49384f000 Implicit null exception at 0x00000001100c57af to 0x00000001100c5819
Event: 2.772 Thread 0x00007fa49384f000 Implicit null exception at 0x0000000110043775 to 0x0000000110043ae1

Events (10 events):
Event: 28.236 Thread 0x00007fa49384f000 DEOPT UNPACKING pc=0x000000010fd6e229 sp=0x00007fff52120050 mode 2
Event: 28.236 Thread 0x00007fa49384f000 Uncommon trap: trap_request=0xffffffde fr.pc=0x0000000110848dbc
Event: 28.236 Thread 0x00007fa49384f000 DEOPT PACKING pc=0x0000000110848dbc sp=0x00007fff52120730
Event: 28.236 Thread 0x00007fa49384f000 DEOPT UNPACKING pc=0x000000010fd6e229 sp=0x00007fff52120700 mode 2
Event: 28.291 loading class com/sun/prism/image/CompoundImage
Event: 28.291 loading class com/sun/prism/image/CompoundImage done
Event: 28.291 loading class com/sun/prism/image/CachingCompoundImage
Event: 28.291 loading class com/sun/prism/image/CachingCompoundImage done
Event: 28.296 Executing VM operation: RevokeBias
Event: 28.296 Executing VM operation: RevokeBias done


Dynamic libraries:
0x00000000047bd000 	/System/Library/Frameworks/Cocoa.framework/Versions/A/Cocoa
0x00000000047bd000 	/System/Library/Frameworks/Security.framework/Versions/A/Security
0x00000000047bd000 	/System/Library/Frameworks/ApplicationServices.framework/Versions/A/ApplicationServices
0x00000000047bd000 	/usr/lib/libz.1.dylib
0x00000000047bd000 	/usr/lib/libSystem.B.dylib
0x00000000047bd000 	/usr/lib/libobjc.A.dylib
0x00000000047bd000 	/System/Library/Frameworks/CoreFoundation.framework/Versions/A/CoreFoundation
0x00000000047bd000 	/System/Library/Frameworks/Foundation.framework/Versions/C/Foundation
0x00000000047bd000 	/System/Library/Frameworks/AppKit.framework/Versions/C/AppKit
0x00000000047bd000 	/System/Library/Frameworks/CoreData.framework/Versions/A/CoreData
0x00000000047bd000 	/System/Library/PrivateFrameworks/RemoteViewServices.framework/Versions/A/RemoteViewServices
0x00000000047bd000 	/System/Library/PrivateFrameworks/UIFoundation.framework/Versions/A/UIFoundation
0x00000000047bd000 	/usr/lib/libScreenReader.dylib
0x00000000047bd000 	/System/Library/Frameworks/Accelerate.framework/Versions/A/Accelerate
0x00000000047bd000 	/System/Library/Frameworks/IOSurface.framework/Versions/A/IOSurface
0x00000000047bd000 	/System/Library/Frameworks/AudioToolbox.framework/Versions/A/AudioToolbox
0x00000000047bd000 	/System/Library/Frameworks/AudioUnit.framework/Versions/A/AudioUnit
0x00000000047bd000 	/System/Library/PrivateFrameworks/DataDetectorsCore.framework/Versions/A/DataDetectorsCore
0x00000000047bd000 	/System/Library/PrivateFrameworks/DesktopServicesPriv.framework/Versions/A/DesktopServicesPriv
0x00000000047bd000 	/System/Library/Frameworks/Carbon.framework/Versions/A/Frameworks/HIToolbox.framework/Versions/A/HIToolbox
0x00000000047bd000 	/System/Library/Frameworks/QuartzCore.framework/Versions/A/QuartzCore
0x00000000047bd000 	/System/Library/Frameworks/Carbon.framework/Versions/A/Frameworks/SpeechRecognition.framework/Versions/A/SpeechRecognition
0x00000000047bd000 	/usr/lib/libauto.dylib
0x00000000047bd000 	/usr/lib/libicucore.A.dylib
0x00000000047bd000 	/usr/lib/libxml2.2.dylib
0x00000000047bd000 	/System/Library/PrivateFrameworks/CoreUI.framework/Versions/A/CoreUI
0x00000000047bd000 	/System/Library/Frameworks/CoreAudio.framework/Versions/A/CoreAudio
0x00000000047bd000 	/System/Library/Frameworks/DiskArbitration.framework/Versions/A/DiskArbitration
0x00000000047bd000 	/usr/lib/liblangid.dylib
0x00000000047bd000 	/System/Library/PrivateFrameworks/MultitouchSupport.framework/Versions/A/MultitouchSupport
0x00000000047bd000 	/System/Library/Frameworks/IOKit.framework/Versions/A/IOKit
0x00000000047bd000 	/usr/lib/libDiagnosticMessagesClient.dylib
0x00000000047bd000 	/System/Library/Frameworks/CoreServices.framework/Versions/A/CoreServices
0x00000000047bd000 	/System/Library/PrivateFrameworks/PerformanceAnalysis.framework/Versions/A/PerformanceAnalysis
0x00000000047bd000 	/System/Library/PrivateFrameworks/GenerationalStorage.framework/Versions/A/GenerationalStorage
0x00000000047bd000 	/System/Library/Frameworks/OpenGL.framework/Versions/A/OpenGL
0x00000000047bd000 	/System/Library/PrivateFrameworks/Sharing.framework/Versions/A/Sharing
0x00000000047bd000 	/System/Library/Frameworks/CoreGraphics.framework/Versions/A/CoreGraphics
0x00000000047bd000 	/System/Library/Frameworks/CoreImage.framework/Versions/A/CoreImage
0x00000000047bd000 	/System/Library/Frameworks/CoreText.framework/Versions/A/CoreText
0x00000000047bd000 	/System/Library/Frameworks/ImageIO.framework/Versions/A/ImageIO
0x00000000047bd000 	/System/Library/PrivateFrameworks/Backup.framework/Versions/A/Backup
0x00000000047bd000 	/usr/lib/libextension.dylib
0x00000000047bd000 	/usr/lib/libarchive.2.dylib
0x00000000047bd000 	/System/Library/Frameworks/CFNetwork.framework/Versions/A/CFNetwork
0x00000000047bd000 	/System/Library/Frameworks/SystemConfiguration.framework/Versions/A/SystemConfiguration
0x00000000047bd000 	/usr/lib/libCRFSuite.dylib
0x00000000047bd000 	/usr/lib/libc++.1.dylib
0x00000000047bd000 	/usr/lib/libc++abi.dylib
0x00000000047bd000 	/usr/lib/system/libcache.dylib
0x00000000047bd000 	/usr/lib/system/libcommonCrypto.dylib
0x00000000047bd000 	/usr/lib/system/libcompiler_rt.dylib
0x00000000047bd000 	/usr/lib/system/libcopyfile.dylib
0x00000000047bd000 	/usr/lib/system/libcorecrypto.dylib
0x00000000047bd000 	/usr/lib/system/libdispatch.dylib
0x00000000047bd000 	/usr/lib/system/libdyld.dylib
0x00000000047bd000 	/usr/lib/system/libkeymgr.dylib
0x00000000047bd000 	/usr/lib/system/liblaunch.dylib
0x00000000047bd000 	/usr/lib/system/libmacho.dylib
0x00000000047bd000 	/usr/lib/system/libquarantine.dylib
0x00000000047bd000 	/usr/lib/system/libremovefile.dylib
0x00000000047bd000 	/usr/lib/system/libsystem_asl.dylib
0x00000000047bd000 	/usr/lib/system/libsystem_blocks.dylib
0x00000000047bd000 	/usr/lib/system/libsystem_c.dylib
0x00000000047bd000 	/usr/lib/system/libsystem_configuration.dylib
0x00000000047bd000 	/usr/lib/system/libsystem_coreservices.dylib
0x00000000047bd000 	/usr/lib/system/libsystem_coretls.dylib
0x00000000047bd000 	/usr/lib/system/libsystem_dnssd.dylib
0x00000000047bd000 	/usr/lib/system/libsystem_info.dylib
0x00000000047bd000 	/usr/lib/system/libsystem_kernel.dylib
0x00000000047bd000 	/usr/lib/system/libsystem_m.dylib
0x00000000047bd000 	/usr/lib/system/libsystem_malloc.dylib
0x00000000047bd000 	/usr/lib/system/libsystem_network.dylib
0x00000000047bd000 	/usr/lib/system/libsystem_networkextension.dylib
0x00000000047bd000 	/usr/lib/system/libsystem_notify.dylib
0x00000000047bd000 	/usr/lib/system/libsystem_platform.dylib
0x00000000047bd000 	/usr/lib/system/libsystem_pthread.dylib
0x00000000047bd000 	/usr/lib/system/libsystem_sandbox.dylib
0x00000000047bd000 	/usr/lib/system/libsystem_secinit.dylib
0x00000000047bd000 	/usr/lib/system/libsystem_trace.dylib
0x00000000047bd000 	/usr/lib/system/libunc.dylib
0x00000000047bd000 	/usr/lib/system/libunwind.dylib
0x00000000047bd000 	/usr/lib/system/libxpc.dylib
0x00000000047bd000 	/usr/lib/libenergytrace.dylib
0x00000000047bd000 	/usr/lib/libbsm.0.dylib
0x00000000047bd000 	/usr/lib/system/libkxld.dylib
0x00000000047bd000 	/usr/lib/libxar.1.dylib
0x00000000047bd000 	/usr/lib/libsqlite3.dylib
0x00000000047bd000 	/usr/lib/libpam.2.dylib
0x00000000047bd000 	/usr/lib/libOpenScriptingUtil.dylib
0x00000000047bd000 	/usr/lib/libbz2.1.0.dylib
0x00000000047bd000 	/usr/lib/liblzma.5.dylib
0x00000000047bd000 	/System/Library/Frameworks/CoreServices.framework/Versions/A/Frameworks/FSEvents.framework/Versions/A/FSEvents
0x00000000047bd000 	/System/Library/Frameworks/CoreServices.framework/Versions/A/Frameworks/CarbonCore.framework/Versions/A/CarbonCore
0x00000000047bd000 	/System/Library/Frameworks/CoreServices.framework/Versions/A/Frameworks/Metadata.framework/Versions/A/Metadata
0x00000000047bd000 	/System/Library/Frameworks/CoreServices.framework/Versions/A/Frameworks/OSServices.framework/Versions/A/OSServices
0x00000000047bd000 	/System/Library/Frameworks/CoreServices.framework/Versions/A/Frameworks/SearchKit.framework/Versions/A/SearchKit
0x00000000047bd000 	/System/Library/Frameworks/CoreServices.framework/Versions/A/Frameworks/AE.framework/Versions/A/AE
0x00000000047bd000 	/System/Library/Frameworks/CoreServices.framework/Versions/A/Frameworks/LaunchServices.framework/Versions/A/LaunchServices
0x00000000047bd000 	/System/Library/Frameworks/CoreServices.framework/Versions/A/Frameworks/DictionaryServices.framework/Versions/A/DictionaryServices
0x00000000047bd000 	/System/Library/Frameworks/CoreServices.framework/Versions/A/Frameworks/SharedFileList.framework/Versions/A/SharedFileList
0x00000000047bd000 	/System/Library/Frameworks/NetFS.framework/Versions/A/NetFS
0x00000000047bd000 	/System/Library/PrivateFrameworks/NetAuth.framework/Versions/A/NetAuth
0x00000000047bd000 	/System/Library/PrivateFrameworks/login.framework/Versions/A/Frameworks/loginsupport.framework/Versions/A/loginsupport
0x00000000047bd000 	/System/Library/PrivateFrameworks/TCC.framework/Versions/A/TCC
0x00000000047bd000 	/usr/lib/libmecabra.dylib
0x00000000047bd000 	/System/Library/Frameworks/ApplicationServices.framework/Versions/A/Frameworks/ATS.framework/Versions/A/ATS
0x00000000047bd000 	/System/Library/Frameworks/ApplicationServices.framework/Versions/A/Frameworks/ColorSync.framework/Versions/A/ColorSync
0x00000000047bd000 	/System/Library/Frameworks/ApplicationServices.framework/Versions/A/Frameworks/HIServices.framework/Versions/A/HIServices
0x00000000047bd000 	/System/Library/Frameworks/ApplicationServices.framework/Versions/A/Frameworks/LangAnalysis.framework/Versions/A/LangAnalysis
0x00000000047bd000 	/System/Library/Frameworks/ApplicationServices.framework/Versions/A/Frameworks/PrintCore.framework/Versions/A/PrintCore
0x00000000047bd000 	/System/Library/Frameworks/ApplicationServices.framework/Versions/A/Frameworks/QD.framework/Versions/A/QD
0x00000000047bd000 	/System/Library/Frameworks/ApplicationServices.framework/Versions/A/Frameworks/SpeechSynthesis.framework/Versions/A/SpeechSynthesis
0x00000000047bd000 	/System/Library/Frameworks/Metal.framework/Versions/A/Metal
0x00000000047bd000 	/System/Library/Frameworks/Accelerate.framework/Versions/A/Frameworks/vImage.framework/Versions/A/vImage
0x00000000047bd000 	/System/Library/Frameworks/Accelerate.framework/Versions/A/Frameworks/vecLib.framework/Versions/A/vecLib
0x00000000047bd000 	/System/Library/Frameworks/Accelerate.framework/Versions/A/Frameworks/vecLib.framework/Versions/A/libvDSP.dylib
0x00000000047bd000 	/System/Library/Frameworks/Accelerate.framework/Versions/A/Frameworks/vecLib.framework/Versions/A/libvMisc.dylib
0x00000000047bd000 	/System/Library/Frameworks/Accelerate.framework/Versions/A/Frameworks/vecLib.framework/Versions/A/libLAPACK.dylib
0x00000000047bd000 	/System/Library/Frameworks/Accelerate.framework/Versions/A/Frameworks/vecLib.framework/Versions/A/libBLAS.dylib
0x00000000047bd000 	/System/Library/Frameworks/Accelerate.framework/Versions/A/Frameworks/vecLib.framework/Versions/A/libLinearAlgebra.dylib
0x00000000047bd000 	/System/Library/Frameworks/Accelerate.framework/Versions/A/Frameworks/vecLib.framework/Versions/A/libSparseBLAS.dylib
0x00000000047bd000 	/System/Library/PrivateFrameworks/GPUCompiler.framework/libmetal_timestamp.dylib
0x00000000047bd000 	/System/Library/Frameworks/OpenGL.framework/Versions/A/Libraries/libCoreFSCache.dylib
0x00000000047bd000 	/System/Library/PrivateFrameworks/IOAccelerator.framework/Versions/A/IOAccelerator
0x00000000047bd000 	/System/Library/Frameworks/ApplicationServices.framework/Versions/A/Frameworks/ATS.framework/Versions/A/Resources/libFontParser.dylib
0x00000000047bd000 	/System/Library/Frameworks/ApplicationServices.framework/Versions/A/Frameworks/ATS.framework/Versions/A/Resources/libFontRegistry.dylib
0x00000000047bd000 	/System/Library/PrivateFrameworks/AppleVPA.framework/Versions/A/AppleVPA
0x00000000047bd000 	/System/Library/PrivateFrameworks/AppleJPEG.framework/Versions/A/AppleJPEG
0x00000000047bd000 	/System/Library/Frameworks/ImageIO.framework/Versions/A/Resources/libJPEG.dylib
0x00000000047bd000 	/System/Library/Frameworks/ImageIO.framework/Versions/A/Resources/libTIFF.dylib
0x00000000047bd000 	/System/Library/Frameworks/ImageIO.framework/Versions/A/Resources/libPng.dylib
0x00000000047bd000 	/System/Library/Frameworks/ImageIO.framework/Versions/A/Resources/libGIF.dylib
0x00000000047bd000 	/System/Library/Frameworks/ImageIO.framework/Versions/A/Resources/libJP2.dylib
0x00000000047bd000 	/System/Library/Frameworks/ImageIO.framework/Versions/A/Resources/libRadiance.dylib
0x00000000047bd000 	/System/Library/Frameworks/CoreVideo.framework/Versions/A/CoreVideo
0x00000000047bd000 	/System/Library/Frameworks/OpenGL.framework/Versions/A/Libraries/libGLU.dylib
0x00000000047bd000 	/System/Library/Frameworks/OpenGL.framework/Versions/A/Libraries/libGFXShared.dylib
0x00000000047bd000 	/System/Library/Frameworks/OpenGL.framework/Versions/A/Libraries/libGL.dylib
0x00000000047bd000 	/System/Library/Frameworks/OpenGL.framework/Versions/A/Libraries/libGLImage.dylib
0x00000000047bd000 	/System/Library/Frameworks/OpenGL.framework/Versions/A/Libraries/libCVMSPluginSupport.dylib
0x00000000047bd000 	/System/Library/Frameworks/OpenGL.framework/Versions/A/Libraries/libCoreVMClient.dylib
0x00000000047bd000 	/usr/lib/libcups.2.dylib
0x00000000047bd000 	/System/Library/Frameworks/Kerberos.framework/Versions/A/Kerberos
0x00000000047bd000 	/System/Library/Frameworks/GSS.framework/Versions/A/GSS
0x00000000047bd000 	/usr/lib/libresolv.9.dylib
0x00000000047bd000 	/usr/lib/libiconv.2.dylib
0x00000000047bd000 	/System/Library/PrivateFrameworks/Heimdal.framework/Versions/A/Heimdal
0x00000000047bd000 	/usr/lib/libheimdal-asn1.dylib
0x00000000047bd000 	/System/Library/Frameworks/OpenDirectory.framework/Versions/A/OpenDirectory
0x00000000047bd000 	/System/Library/PrivateFrameworks/CommonAuth.framework/Versions/A/CommonAuth
0x00000000047bd000 	/System/Library/Frameworks/OpenDirectory.framework/Versions/A/Frameworks/CFOpenDirectory.framework/Versions/A/CFOpenDirectory
0x00000000047bd000 	/System/Library/Frameworks/SecurityFoundation.framework/Versions/A/SecurityFoundation
0x00000000047bd000 	/System/Library/PrivateFrameworks/LanguageModeling.framework/Versions/A/LanguageModeling
0x00000000047bd000 	/usr/lib/libmarisa.dylib
0x00000000047bd000 	/usr/lib/libChineseTokenizer.dylib
0x00000000047bd000 	/usr/lib/libcmph.dylib
0x00000000047bd000 	/usr/lib/libcompression.dylib
0x00000000047bd000 	/System/Library/Frameworks/ServiceManagement.framework/Versions/A/ServiceManagement
0x00000000047bd000 	/usr/lib/libxslt.1.dylib
0x00000000047bd000 	/System/Library/Frameworks/Carbon.framework/Versions/A/Frameworks/Ink.framework/Versions/A/Ink
0x00000000047bd000 	/usr/lib/libFosl_dynamic.dylib
0x00000000047bd000 	/System/Library/PrivateFrameworks/FaceCore.framework/Versions/A/FaceCore
0x00000000047bd000 	/System/Library/Frameworks/OpenCL.framework/Versions/A/OpenCL
0x00000000047bd000 	/System/Library/PrivateFrameworks/CrashReporterSupport.framework/Versions/A/CrashReporterSupport
0x00000000047bd000 	/System/Library/PrivateFrameworks/IconServices.framework/Versions/A/IconServices
0x00000000047bd000 	/System/Library/PrivateFrameworks/Apple80211.framework/Versions/A/Apple80211
0x00000000047bd000 	/System/Library/Frameworks/CoreWLAN.framework/Versions/A/CoreWLAN
0x00000000047bd000 	/System/Library/Frameworks/IOBluetooth.framework/Versions/A/IOBluetooth
0x00000000047bd000 	/System/Library/PrivateFrameworks/CoreWiFi.framework/Versions/A/CoreWiFi
0x00000000047bd000 	/System/Library/Frameworks/CoreBluetooth.framework/Versions/A/CoreBluetooth
0x00000000047bd000 	/System/Library/PrivateFrameworks/ChunkingLibrary.framework/Versions/A/ChunkingLibrary
0x00000000047bd000 	/System/Library/PrivateFrameworks/DebugSymbols.framework/Versions/A/DebugSymbols
0x00000000047bd000 	/System/Library/PrivateFrameworks/CoreSymbolication.framework/Versions/A/CoreSymbolication
0x00000000047bd000 	/System/Library/PrivateFrameworks/Symbolication.framework/Versions/A/Symbolication
0x00000000047bd000 	/System/Library/PrivateFrameworks/SpeechRecognitionCore.framework/Versions/A/SpeechRecognitionCore
0x000000010ee00000 	/Library/Java/JavaVirtualMachines/jdk1.8.0_45.jdk/Contents/Home/jre/lib/server/libjvm.dylib
0x00000000047bd000 	/usr/lib/libstdc++.6.dylib
0x000000010dd8b000 	/Library/Java/JavaVirtualMachines/jdk1.8.0_45.jdk/Contents/Home/jre/lib/libverify.dylib
0x000000010dd99000 	/Library/Java/JavaVirtualMachines/jdk1.8.0_45.jdk/Contents/Home/jre/lib/libjava.dylib
0x000000010ddd8000 	/Library/Java/JavaVirtualMachines/jdk1.8.0_45.jdk/Contents/Home/jre/lib/libzip.dylib
0x000000010dde1000 	/System/Library/Frameworks/JavaVM.framework/Frameworks/JavaRuntimeSupport.framework/JavaRuntimeSupport
0x0000000126323000 	/System/Library/Frameworks/JavaVM.framework/Versions/A/Frameworks/JavaNativeFoundation.framework/Versions/A/JavaNativeFoundation
0x0000000126338000 	/System/Library/Frameworks/JavaVM.framework/Versions/A/JavaVM
0x00000000047bd000 	/System/Library/Frameworks/Carbon.framework/Versions/A/Carbon
0x0000000126345000 	/System/Library/PrivateFrameworks/JavaLaunching.framework/Versions/A/JavaLaunching
0x00000000047bd000 	/System/Library/Frameworks/Carbon.framework/Versions/A/Frameworks/CommonPanels.framework/Versions/A/CommonPanels
0x00000000047bd000 	/System/Library/Frameworks/Carbon.framework/Versions/A/Frameworks/Help.framework/Versions/A/Help
0x00000000047bd000 	/System/Library/Frameworks/Carbon.framework/Versions/A/Frameworks/ImageCapture.framework/Versions/A/ImageCapture
0x00000000047bd000 	/System/Library/Frameworks/Carbon.framework/Versions/A/Frameworks/OpenScripting.framework/Versions/A/OpenScripting
0x00000000047bd000 	/System/Library/Frameworks/Carbon.framework/Versions/A/Frameworks/Print.framework/Versions/A/Print
0x00000000047bd000 	/System/Library/Frameworks/Carbon.framework/Versions/A/Frameworks/SecurityHI.framework/Versions/A/SecurityHI
0x0000000127d07000 	/Library/Java/JavaVirtualMachines/jdk1.8.0_45.jdk/Contents/Home/jre/lib/libprism_es2.dylib
0x00000000047bd000 	/System/Library/Frameworks/OpenGL.framework/Versions/A/Resources/GLEngine.bundle/GLEngine
0x00000000047bd000 	/System/Library/Frameworks/OpenGL.framework/Versions/A/Libraries/libGLProgrammability.dylib
0x0000000127d89000 	/System/Library/Extensions/AppleIntelHD4000GraphicsGLDriver.bundle/Contents/MacOS/AppleIntelHD4000GraphicsGLDriver
0x00000000047bd000 	/System/Library/PrivateFrameworks/GPUSupport.framework/Versions/A/Libraries/libGPUSupportMercury.dylib
0x00000000047bd000 	/System/Library/Extensions/GeForceGLDriver.bundle/Contents/MacOS/GeForceGLDriver
0x00000000047bd000 	/System/Library/Extensions/GeForceGLDriver.bundle/Contents/MacOS/libclh.dylib
0x00000000047bd000 	/System/Library/Frameworks/OpenGL.framework/Versions/A/Resources/GLRendererFloat.bundle/GLRendererFloat
0x00000000047bd000 	/System/Library/Frameworks/OpenCL.framework/Versions/A/Libraries/libcldcpuengine.dylib
0x00000000047bd000 	/System/Library/PrivateFrameworks/DiskImages.framework/Versions/A/DiskImages
0x00000000047bd000 	/System/Library/Frameworks/DiscRecording.framework/Versions/A/DiscRecording
0x00000000047bd000 	/usr/lib/libcsfde.dylib
0x00000000047bd000 	/usr/lib/libcurl.4.dylib
0x00000000047bd000 	/System/Library/PrivateFrameworks/MediaKit.framework/Versions/A/MediaKit
0x00000000047bd000 	/System/Library/PrivateFrameworks/ProtectedCloudStorage.framework/Versions/A/ProtectedCloudStorage
0x00000000047bd000 	/usr/lib/libCoreStorage.dylib
0x00000000047bd000 	/System/Library/PrivateFrameworks/EFILogin.framework/Versions/A/EFILogin
0x00000000047bd000 	/usr/lib/libutil.dylib
0x00000000047bd000 	/System/Library/PrivateFrameworks/FindMyDevice.framework/Versions/A/FindMyDevice
0x00000000047bd000 	/System/Library/Frameworks/LDAP.framework/Versions/A/LDAP
0x00000000047bd000 	/usr/lib/libsasl2.2.dylib
0x00000000047bd000 	/System/Library/PrivateFrameworks/CoreDaemon.framework/Versions/B/CoreDaemon
0x00000000047bd000 	/usr/lib/libcrypto.0.9.8.dylib
0x00000000047bd000 	/System/Library/PrivateFrameworks/AppleSRP.framework/Versions/A/AppleSRP
0x00000000047bd000 	/System/Library/PrivateFrameworks/TrustEvaluationAgent.framework/Versions/A/TrustEvaluationAgent
0x00000001286c2000 	/Library/Java/JavaVirtualMachines/jdk1.8.0_45.jdk/Contents/Home/jre/lib/libglass.dylib
0x00000000047bd000 	/System/Library/PrivateFrameworks/CoreServicesInternal.framework/Versions/A/CoreServicesInternal
0x00000000047bd000 	/System/Library/CoreServices/RawCamera.bundle/Contents/MacOS/RawCamera
0x00000000047bd000 	/System/Library/Frameworks/CoreGraphics.framework/Versions/A/Resources/libRIP.A.dylib
0x00000000047bd000 	/System/Library/Frameworks/Accelerate.framework/Versions/A/Frameworks/vImage.framework/Versions/A/Libraries/libCGInterfaces.dylib
0x00000000047bd000 	/System/Library/PrivateFrameworks/FamilyControls.framework/Versions/A/FamilyControls
0x00000000047bd000 	/System/Library/PrivateFrameworks/CommerceKit.framework/Versions/A/Frameworks/CommerceCore.framework/Versions/A/CommerceCore
0x00000000047bd000 	/System/Library/PrivateFrameworks/SystemAdministration.framework/Versions/A/SystemAdministration
0x00000000047bd000 	/System/Library/PrivateFrameworks/AppContainer.framework/Versions/A/AppContainer
0x00000000047bd000 	/System/Library/PrivateFrameworks/SecCodeWrapper.framework/Versions/A/SecCodeWrapper
0x00000000047bd000 	/System/Library/Frameworks/DirectoryService.framework/Versions/A/DirectoryService
0x00000000047bd000 	/System/Library/PrivateFrameworks/LoginUIKit.framework/Versions/A/Frameworks/LoginUICore.framework/Versions/A/LoginUICore
0x00000000047bd000 	/usr/lib/libodfde.dylib
0x000000012beb4000 	/Library/Java/JavaVirtualMachines/jdk1.8.0_45.jdk/Contents/Home/jre/lib/libjavafx_font.dylib
0x00000000047bd000 	/System/Library/Frameworks/CoreGraphics.framework/Versions/A/Resources/libCGXType.A.dylib
0x000000012e2f2000 	cl_kernels
0x00000000047bd000 	/System/Library/Frameworks/OpenCL.framework/Versions/A/Libraries/ImageFormats/unorm8_bgra.dylib
0x00000000047bd000 	/System/Library/Frameworks/OpenCL.framework/Versions/A/Libraries/ImageFormats/unorm8_rgba.dylib
0x000000012ed14000 	/Library/Java/JavaVirtualMachines/jdk1.8.0_45.jdk/Contents/Home/jre/lib/libprism_common.dylib
0x000000012f528000 	/System/Library/Extensions/GeForceMTLDriver.bundle/Contents/MacOS/GeForceMTLDriver
0x000000012f5e0000 	/System/Library/Extensions/AppleIntelHD4000GraphicsMTLDriver.bundle/Contents/MacOS/AppleIntelHD4000GraphicsMTLDriver
0x000000012fef7000 	/private/var/folders/sd/0j82_2dj319b88wb7zx9wl280000gn/T/sqlite-3.8.11.2-940d0fa7-741f-4c5e-9202-680f5aeabd4f-libsqlitejdbc.jnilib
0x000000012fffb000 	/Library/Java/JavaVirtualMachines/jdk1.8.0_45.jdk/Contents/Home/jre/lib/libnio.dylib
0x000000013000b000 	/Library/Java/JavaVirtualMachines/jdk1.8.0_45.jdk/Contents/Home/jre/lib/./libnet.dylib

VM Arguments:
jvm_args: -Dfile.encoding=UTF-8 
java_command: /Users/sanjeev/NetBeansProjects/MPPLibrary/dist/run448342113/MPPLibrary.jar
java_class_path (initial): /Users/sanjeev/NetBeansProjects/MPPLibrary/dist/run448342113/MPPLibrary.jar
Launcher Type: SUN_STANDARD

Environment Variables:
PATH=/usr/bin:/bin:/usr/sbin:/sbin
LD_LIBRARY_PATH=/Library/Java/JavaVirtualMachines/jdk1.8.0_45.jdk/Contents/Home/jre/lib/amd64:/Library/Java/JavaVirtualMachines/jdk1.8.0_45.jdk/Contents/Home/jre/lib/i386:
SHELL=/bin/bash
DISPLAY=/private/tmp/com.apple.launchd.lTsMkTj9UT/org.macosforge.xquartz:0

Signal Handlers:
SIGSEGV: [libjvm.dylib+0x58ef95], sa_mask[0]=11111111011111110111111111111111, sa_flags=SA_ONSTACK|SA_RESTART|SA_SIGINFO
SIGBUS: [libjvm.dylib+0x58ef95], sa_mask[0]=11111111011111110111111111111111, sa_flags=SA_RESTART|SA_SIGINFO
SIGFPE: [libjvm.dylib+0x46c108], sa_mask[0]=11111111011111110111111111111111, sa_flags=SA_RESTART|SA_SIGINFO
SIGPIPE: [libjvm.dylib+0x46c108], sa_mask[0]=11111111011111110111111111111111, sa_flags=SA_RESTART|SA_SIGINFO
SIGXFSZ: [libjvm.dylib+0x46c108], sa_mask[0]=11111111011111110111111111111111, sa_flags=SA_RESTART|SA_SIGINFO
SIGILL: [libjvm.dylib+0x46c108], sa_mask[0]=11111111011111110111111111111111, sa_flags=SA_RESTART|SA_SIGINFO
SIGUSR1: SIG_DFL, sa_mask[0]=00000000000000000000000000000000, sa_flags=none
SIGUSR2: [libjvm.dylib+0x46bc26], sa_mask[0]=00100000000000000000000000000000, sa_flags=SA_RESTART|SA_SIGINFO
SIGHUP: [libjvm.dylib+0x46a1f9], sa_mask[0]=11111111011111110111111111111111, sa_flags=SA_RESTART|SA_SIGINFO
SIGINT: SIG_IGN, sa_mask[0]=00000000000000000000000000000000, sa_flags=none
SIGTERM: [libjvm.dylib+0x46a1f9], sa_mask[0]=11111111011111110111111111111111, sa_flags=SA_RESTART|SA_SIGINFO
SIGQUIT: [libjvm.dylib+0x46a1f9], sa_mask[0]=11111111011111110111111111111111, sa_flags=SA_RESTART|SA_SIGINFO


---------------  S Y S T E M  ---------------

OS:Bsduname:Darwin 15.0.0 Darwin Kernel Version 15.0.0: Sat Sep 19 15:53:46 PDT 2015; root:xnu-3247.10.11~1/RELEASE_X86_64 x86_64
rlimit: STACK 8192k, CORE 0k, NPROC 709, NOFILE 10240, AS infinity
load average:2.84 2.31 2.05

CPU:total 8 (4 cores per cpu, 2 threads per core) family 6 model 58 stepping 9, cmov, cx8, fxsr, mmx, sse, sse2, sse3, ssse3, sse4.1, sse4.2, popcnt, avx, aes, clmul, erms, ht, tsc, tscinvbit, tscinv

Memory: 4k page, physical 8388608k(43840k free)

/proc/meminfo:


vm_info: Java HotSpot(TM) 64-Bit Server VM (25.45-b02) for bsd-amd64 JRE (1.8.0_45-b14), built on Apr 10 2015 10:46:38 by "java_re" with gcc 4.2.1 (Based on Apple Inc. build 5658) (LLVM build 2336.11.00)

time: Fri Dec  4 10:55:08 2015
elapsed time: 28 seconds (0d 0h 0m 28s)

